[01m[K/home/sysgen/Project_Lab_P5/Project_Lab_CAS/new_ws/src/franka_example_nodes/src/gripper_control.cpp:[m[K In member function â€˜[01m[Kbool Manipulator::goToPoseCartesian(geometry_msgs::Pose)[m[Kâ€™:
[01m[K/home/sysgen/Project_Lab_P5/Project_Lab_CAS/new_ws/src/franka_example_nodes/src/gripper_control.cpp:116:7:[m[K [01;31m[Kerror: [m[Kâ€˜[01m[Kpoints[m[Kâ€™ was not declared in this scope; did you mean â€˜[01m[Kprintf[m[Kâ€™?
  116 |   if ([01;31m[Kpoints[m[K[i].time_from_start == points[i-1].time_from_start) {
      |       [01;31m[K^~~~~~[m[K
      |       [32m[Kprintf[m[K
make[2]: *** [CMakeFiles/gripper_control.dir/build.make:63: CMakeFiles/gripper_control.dir/src/gripper_control.cpp.o] Error 1
make[1]: *** [CMakeFiles/Makefile2:244: CMakeFiles/gripper_control.dir/all] Error 2
make: *** [Makefile:141: all] Error 2
