[01m[K/home/sysgen/Project_Lab_P5/Project_Lab_CAS/new_ws/src/franka_example_nodes/src/gripper_control.cpp:[m[K In member function â€˜[01m[Kvoid FrankaGripperControl::moveArmToPose(const Pose&)[m[Kâ€™:
[01m[K/home/sysgen/Project_Lab_P5/Project_Lab_CAS/new_ws/src/franka_example_nodes/src/gripper_control.cpp:73:42:[m[K [01;31m[Kerror: [m[Kexpected â€˜[01m[K;[m[Kâ€™ before â€˜[01m[Kmoveit[m[Kâ€™
   73 |         move_group_.setPlanningTime(10.0)
      |                                          [01;31m[K^[m[K
      |                                          [32m[K;[m[K
   74 |         [32m[Kmoveit[m[K::planning_interface::MoveGroupInterface::Plan my_plan;
      |         [32m[K~~~~~~[m[K                            
[01m[K/home/sysgen/Project_Lab_P5/Project_Lab_CAS/new_ws/src/franka_example_nodes/src/gripper_control.cpp:77:31:[m[K [01;31m[Kerror: [m[Kâ€˜[01m[Kmy_plan[m[Kâ€™ was not declared in this scope
   77 |         if ((move_group_.plan([01;31m[Kmy_plan[m[K) == moveit::planning_interface::MoveItErrorCode::SUCCESS))
      |                               [01;31m[K^~~~~~~[m[K
make[2]: *** [CMakeFiles/gripper_control.dir/build.make:63: CMakeFiles/gripper_control.dir/src/gripper_control.cpp.o] Error 1
make[1]: *** [CMakeFiles/Makefile2:239: CMakeFiles/gripper_control.dir/all] Error 2
make: *** [Makefile:141: all] Error 2
