make[2]: *** No rule to make target '/usr/lib/x86_64-linux-gnu/libsdformat9.so.9.8.0', needed by '/home/sysgen/Project_Lab_P5/Project_Lab_CAS/new_ws/devel/.private/franka_gazebo/lib/libfranka_gripper_sim.so'.  Stop.
make[1]: *** [CMakeFiles/Makefile2:379: CMakeFiles/franka_gripper_sim.dir/all] Error 2
make[1]: *** Waiting for unfinished jobs....
make[2]: *** No rule to make target '/usr/lib/x86_64-linux-gnu/libsdformat9.so.9.8.0', needed by '/home/sysgen/Project_Lab_P5/Project_Lab_CAS/new_ws/devel/.private/franka_gazebo/lib/libfranka_hw_sim.so'.  Stop.
make[2]: *** Waiting for unfinished jobs....
In file included from [01m[K/usr/include/gazebo-11/gazebo/physics/Joint.hh:28[m[K,
                 from [01m[K/home/sysgen/Project_Lab_P5/Project_Lab_CAS/new_ws/src/franka_ros/franka_gazebo/include/franka_gazebo/joint.h:10[m[K,
                 from [01m[K/home/sysgen/Project_Lab_P5/Project_Lab_CAS/new_ws/src/franka_ros/franka_gazebo/src/joint.cpp:1[m[K:
[01m[K/usr/include/gazebo-11/gazebo/common/Events.hh:21:10:[m[K [01;31m[Kfatal error: [m[Ksdf/sdf.hh: No such file or directory
   21 | #include [01;31m[K<sdf/sdf.hh>[m[K
      |          [01;31m[K^~~~~~~~~~~~[m[K
compilation terminated.
In file included from [01m[K/usr/include/gazebo-11/gazebo/physics/Joint.hh:28[m[K,
                 from [01m[K/home/sysgen/Project_Lab_P5/Project_Lab_CAS/new_ws/src/franka_ros/franka_gazebo/include/franka_gazebo/joint.h:10[m[K,
                 from [01m[K/home/sysgen/Project_Lab_P5/Project_Lab_CAS/new_ws/src/franka_ros/franka_gazebo/include/franka_gazebo/controller_verifier.h:2[m[K,
                 from [01m[K/home/sysgen/Project_Lab_P5/Project_Lab_CAS/new_ws/src/franka_ros/franka_gazebo/src/controller_verifier.cpp:1[m[K:
[01m[K/usr/include/gazebo-11/gazebo/common/Events.hh:21:10:[m[K [01;31m[Kfatal error: [m[Ksdf/sdf.hh: No such file or directory
   21 | #include [01;31m[K<sdf/sdf.hh>[m[K
      |          [01;31m[K^~~~~~~~~~~~[m[K
compilation terminated.
make[2]: *** [CMakeFiles/franka_hw_sim.dir/build.make:76: CMakeFiles/franka_hw_sim.dir/src/joint.cpp.o] Error 1
make[2]: *** [CMakeFiles/franka_hw_sim.dir/build.make:102: CMakeFiles/franka_hw_sim.dir/src/controller_verifier.cpp.o] Error 1
In file included from [01m[K/usr/include/gazebo-11/gazebo/physics/Joint.hh:28[m[K,
                 from [01m[K/home/sysgen/Project_Lab_P5/Project_Lab_CAS/new_ws/src/franka_ros/franka_gazebo/include/franka_gazebo/joint.h:10[m[K,
                 from [01m[K/home/sysgen/Project_Lab_P5/Project_Lab_CAS/new_ws/src/franka_ros/franka_gazebo/include/franka_gazebo/controller_verifier.h:2[m[K,
                 from [01m[K/home/sysgen/Project_Lab_P5/Project_Lab_CAS/new_ws/src/franka_ros/franka_gazebo/include/franka_gazebo/franka_hw_sim.h:5[m[K,
                 from [01m[K/home/sysgen/Project_Lab_P5/Project_Lab_CAS/new_ws/src/franka_ros/franka_gazebo/src/franka_hw_sim.cpp:6[m[K:
[01m[K/usr/include/gazebo-11/gazebo/common/Events.hh:21:10:[m[K [01;31m[Kfatal error: [m[Ksdf/sdf.hh: No such file or directory
   21 | #include [01;31m[K<sdf/sdf.hh>[m[K
      |          [01;31m[K^~~~~~~~~~~~[m[K
compilation terminated.
make[2]: *** [CMakeFiles/franka_hw_sim.dir/build.make:63: CMakeFiles/franka_hw_sim.dir/src/franka_hw_sim.cpp.o] Error 1
make[1]: *** [CMakeFiles/Makefile2:1992: CMakeFiles/franka_hw_sim.dir/all] Error 2
make: *** [Makefile:141: all] Error 2
